<?xml version="1.0" encoding="UTF-8"?>
<!-- Generated by org.testng.reporters.JUnitReportReporter -->
<testsuite hostname="Idas-MacBook-Air.local" name="uk.jpmorgan.task.simple.stock.dao.StockDaoImplNGTest" tests="6" failures="0" timestamp="11 Apr 2016 16:58:29 GMT" time="0.024" errors="0">
  <testcase name="test4GetRecentTradeByStock" time="0.002" classname="uk.jpmorgan.task.simple.stock.dao.StockDaoImplNGTest"/>
  <testcase name="test1GetStockByStockSymbol" time="0.006" classname="uk.jpmorgan.task.simple.stock.dao.StockDaoImplNGTest"/>
  <testcase name="test5GetLastTradeFromEachStock" time="0.002" classname="uk.jpmorgan.task.simple.stock.dao.StockDaoImplNGTest"/>
  <testcase name="test2SaveTrade" time="0.012" classname="uk.jpmorgan.task.simple.stock.dao.StockDaoImplNGTest"/>
  <testcase name="test3GetAllTrades" time="0.000" classname="uk.jpmorgan.task.simple.stock.dao.StockDaoImplNGTest"/>
  <testcase name="test6GetAllStock" time="0.002" classname="uk.jpmorgan.task.simple.stock.dao.StockDaoImplNGTest"/>
</testsuite> <!-- uk.jpmorgan.task.simple.stock.dao.StockDaoImplNGTest -->
